#
# There is insufficient memory for the Java Runtime Environment to continue.
# Native memory allocation (mmap) failed to map 132120576 bytes for G1 virtual space
# Possible reasons:
#   The system is out of physical RAM or swap space
#   The process is running with CompressedOops enabled, and the Java Heap may be blocking the growth of the native heap
# Possible solutions:
#   Reduce memory load on the system
#   Increase physical memory or swap space
#   Check if swap backing store is full
#   Decrease Java heap size (-Xmx/-Xms)
#   Decrease number of Java threads
#   Decrease Java thread stack sizes (-Xss)
#   Set larger code cache with -XX:ReservedCodeCacheSize=
#   JVM is running with Unscaled Compressed Oops mode in which the Java heap is
#     placed in the first 4GB address space. The Java Heap base address is the
#     maximum limit for the native heap growth. Please use -XX:HeapBaseMinAddress
#     to set the Java Heap base and to place the Java Heap above 4GB virtual address.
# This output file may be truncated or incomplete.
#
#  Out of Memory Error (os_windows.cpp:3600), pid=900, tid=10116
#
# JRE version:  (21.0.2+13) (build )
# Java VM: Java HotSpot(TM) 64-Bit Server VM (21.0.2+13-LTS-58, mixed mode, sharing, tiered, compressed oops, compressed class ptrs, g1 gc, windows-amd64)
# No core dump will be written. Minidumps are not enabled by default on client versions of Windows
#

---------------  S U M M A R Y ------------

Command Line: -Dclassworlds.conf=C:\Program Files\NetBeans-17\netbeans\java\maven\bin\m2.conf -Dmaven.home=C:\Program Files\NetBeans-17\netbeans\java\maven -Dlibrary.jansi.path=C:\Program Files\NetBeans-17\netbeans\java\maven\lib\jansi-native -Dmaven.multiModuleProjectDirectory=D:\HocKy 6\Oracle\QL_THOITRANG org.codehaus.plexus.classworlds.launcher.Launcher -Dexec.vmArgs= -Dexec.args=${exec.vmArgs} -classpath %classpath ${exec.mainClass} ${exec.appArgs} -Dexec.executable=C:\Program Files\Java\jdk-21\bin\java.exe -Dexec.mainClass=GUI.GUI_ShowProcess -Dexec.classpathScope=runtime -Dexec.appArgs= -Dmaven.ext.class.path=C:\Program Files\NetBeans-17\netbeans\java\maven-nblib\netbeans-eventspy.jar --no-transfer-progress org.codehaus.mojo:exec-maven-plugin:3.1.0:exec

Host: 11th Gen Intel(R) Core(TM) i5-11400H @ 2.70GHz, 12 cores, 7G,  Windows 11 , 64 bit Build 22621 (10.0.22621.3085)
Time: Thu Mar  7 06:06:04 2024 SE Asia Standard Time elapsed time: 0.009833 seconds (0d 0h 0m 0s)

---------------  T H R E A D  ---------------

Current thread (0x00000208ff441d50):  JavaThread "Unknown thread" [_thread_in_vm, id=10116, stack(0x000000cc18a00000,0x000000cc18b00000) (1024K)]

Stack: [0x000000cc18a00000,0x000000cc18b00000]
Native frames: (J=compiled Java code, j=interpreted, Vv=VM code, C=native code)
V  [jvm.dll+0x6cade9]
V  [jvm.dll+0x8569c1]
V  [jvm.dll+0x858d2e]
V  [jvm.dll+0x859413]
V  [jvm.dll+0x280e56]
V  [jvm.dll+0x6c74d5]
V  [jvm.dll+0x6bbeca]
V  [jvm.dll+0x355bca]
V  [jvm.dll+0x35d816]
V  [jvm.dll+0x3ae67e]
V  [jvm.dll+0x3ae928]
V  [jvm.dll+0x3295dc]
V  [jvm.dll+0x32a16b]
V  [jvm.dll+0x81efa9]
V  [jvm.dll+0x3bba01]
V  [jvm.dll+0x807928]
V  [jvm.dll+0x44f50e]
V  [jvm.dll+0x450e11]
C  [jli.dll+0x52a3]
C  [ucrtbase.dll+0x29363]
C  [KERNEL32.DLL+0x1257d]
C  [ntdll.dll+0x5aa58]


---------------  P R O C E S S  ---------------

Threads class SMR info:
_java_thread_list=0x00007ffe3000bb88, length=0, elements={
}

Java Threads: ( => current thread )
Total: 0

Other Threads:
  0x00000208ffb51940 WorkerThread "GC Thread#0"                     [id=19576, stack(0x000000cc18b00000,0x000000cc18c00000) (1024K)]
  0x00000208ffb62290 ConcurrentGCThread "G1 Main Marker"            [id=14968, stack(0x000000cc18c00000,0x000000cc18d00000) (1024K)]
  0x00000208ffb62c90 WorkerThread "G1 Conc#0"                       [id=4068, stack(0x000000cc18d00000,0x000000cc18e00000) (1024K)]

[error occurred during error reporting (printing all threads), id 0xc0000005, EXCEPTION_ACCESS_VIOLATION (0xc0000005) at pc=0x00007ffe2f77c6a7]
VM state: not at safepoint (not fully initialized)

VM Mutex/Monitor currently owned by a thread:  ([mutex/lock_event])
[0x00007ffe3007ce68] Heap_lock - owner thread: 0x00000208ff441d50

Heap address: 0x0000000083a00000, size: 1990 MB, Compressed Oops mode: 32-bit

CDS archive(s) mapped at: [0x0000000000000000-0x0000000000000000-0x0000000000000000), size 0, SharedBaseAddress: 0x0000000800000000, ArchiveRelocationMode: 1.
Narrow klass base: 0x0000000000000000, Narrow klass shift: 0, Narrow klass range: 0x0

GC Precious Log:
 CardTable entry size: 512
 Card Set container configuration: InlinePtr #cards 5 size 8 Array Of Cards #cards 12 size 40 Howl #buckets 4 coarsen threshold 1843 Howl Bitmap #cards 512 size 80 coarsen threshold 460 Card regions per heap region 1 cards per card region 2048

Heap:
 garbage-first heap   total 0K, used 0K [0x0000000083a00000, 0x0000000100000000)
  region size 1024K, 0 young (0K), 0 survivors (0K)

[error occurred during error reporting (printing heap information), id 0xc0000005, EXCEPTION_ACCESS_VIOLATION (0xc0000005) at pc=0x00007ffe2fb639f9]
GC Heap History (0 events):
No events

Dll operation events (1 events):
Event: 0.006 Loaded shared library C:\Program Files\Java\jdk-21\bin\java.dll

Deoptimization events (0 events):
No events

Classes loaded (0 events):
No events

Classes unloaded (0 events):
No events

Classes redefined (0 events):
No events

Internal exceptions (0 events):
No events

ZGC Phase Switch (0 events):
No events

VM Operations (0 events):
No events

Events (0 events):
No events


Dynamic libraries:
0x00007ff78dc00000 - 0x00007ff78dc10000 	C:\Program Files\Java\jdk-21\bin\java.exe
0x00007fff075d0000 - 0x00007fff077e7000 	C:\WINDOWS\SYSTEM32\ntdll.dll
0x00007fff05380000 - 0x00007fff05444000 	C:\WINDOWS\System32\KERNEL32.DLL
0x00007fff04ed0000 - 0x00007fff05276000 	C:\WINDOWS\System32\KERNELBASE.dll
0x00007fff04a40000 - 0x00007fff04b51000 	C:\WINDOWS\System32\ucrtbase.dll
0x00007ffe970e0000 - 0x00007ffe970fb000 	C:\Program Files\Java\jdk-21\bin\VCRUNTIME140.dll
0x00007ffefc900000 - 0x00007ffefc919000 	C:\Program Files\Java\jdk-21\bin\jli.dll
0x00007fff05640000 - 0x00007fff056f3000 	C:\WINDOWS\System32\ADVAPI32.dll
0x00007fff06de0000 - 0x00007fff06e87000 	C:\WINDOWS\System32\msvcrt.dll
0x00007fff06470000 - 0x00007fff06518000 	C:\WINDOWS\System32\sechost.dll
0x00007fff04b60000 - 0x00007fff04b88000 	C:\WINDOWS\System32\bcrypt.dll
0x00007fff054a0000 - 0x00007fff055b7000 	C:\WINDOWS\System32\RPCRT4.dll
0x00007fff06c20000 - 0x00007fff06dce000 	C:\WINDOWS\System32\USER32.dll
0x00007fff04b90000 - 0x00007fff04bb6000 	C:\WINDOWS\System32\win32u.dll
0x00007ffec5810000 - 0x00007ffec5aa3000 	C:\WINDOWS\WinSxS\amd64_microsoft.windows.common-controls_6595b64144ccf1df_6.0.22621.2506_none_270c5ae97388e100\COMCTL32.dll
0x00007fff05760000 - 0x00007fff05789000 	C:\WINDOWS\System32\GDI32.dll
0x00007fff04db0000 - 0x00007fff04ec8000 	C:\WINDOWS\System32\gdi32full.dll
0x00007fff05280000 - 0x00007fff0531a000 	C:\WINDOWS\System32\msvcp_win.dll
0x00007ffefb690000 - 0x00007ffefb69a000 	C:\WINDOWS\SYSTEM32\VERSION.dll
0x00007fff068b0000 - 0x00007fff068e1000 	C:\WINDOWS\System32\IMM32.DLL
0x00007ffeff4b0000 - 0x00007ffeff4bc000 	C:\Program Files\Java\jdk-21\bin\vcruntime140_1.dll
0x00007ffe7f640000 - 0x00007ffe7f6ce000 	C:\Program Files\Java\jdk-21\bin\msvcp140.dll
0x00007ffe2f440000 - 0x00007ffe30157000 	C:\Program Files\Java\jdk-21\bin\server\jvm.dll
0x00007fff06960000 - 0x00007fff069d1000 	C:\WINDOWS\System32\WS2_32.dll
0x00007fff03760000 - 0x00007fff037ad000 	C:\WINDOWS\SYSTEM32\POWRPROF.dll
0x00007ffefbea0000 - 0x00007ffefbed4000 	C:\WINDOWS\SYSTEM32\WINMM.dll
0x00007fff03740000 - 0x00007fff03753000 	C:\WINDOWS\SYSTEM32\UMPDC.dll
0x00007fff03a10000 - 0x00007fff03a28000 	C:\WINDOWS\SYSTEM32\kernel.appcore.dll
0x00007ffefb6a0000 - 0x00007ffefb6aa000 	C:\Program Files\Java\jdk-21\bin\jimage.dll
0x00007fff02e40000 - 0x00007fff03073000 	C:\WINDOWS\SYSTEM32\DBGHELP.DLL
0x00007fff06520000 - 0x00007fff068a9000 	C:\WINDOWS\System32\combase.dll
0x00007fff07170000 - 0x00007fff07247000 	C:\WINDOWS\System32\OLEAUT32.dll
0x00007ffef1460000 - 0x00007ffef1492000 	C:\WINDOWS\SYSTEM32\dbgcore.DLL
0x00007fff04bc0000 - 0x00007fff04c3a000 	C:\WINDOWS\System32\bcryptPrimitives.dll
0x00007ffe80100000 - 0x00007ffe8011f000 	C:\Program Files\Java\jdk-21\bin\java.dll

dbghelp: loaded successfully - version: 4.0.5 - missing functions: none
symbol engine: initialized successfully - sym options: 0x614 - pdb path: .;C:\Program Files\Java\jdk-21\bin;C:\WINDOWS\SYSTEM32;C:\WINDOWS\WinSxS\amd64_microsoft.windows.common-controls_6595b64144ccf1df_6.0.22621.2506_none_270c5ae97388e100;C:\Program Files\Java\jdk-21\bin\server

VM Arguments:
jvm_args: -Dclassworlds.conf=C:\Program Files\NetBeans-17\netbeans\java\maven\bin\m2.conf -Dmaven.home=C:\Program Files\NetBeans-17\netbeans\java\maven -Dlibrary.jansi.path=C:\Program Files\NetBeans-17\netbeans\java\maven\lib\jansi-native -Dmaven.multiModuleProjectDirectory=D:\HocKy 6\Oracle\QL_THOITRANG 
java_command: org.codehaus.plexus.classworlds.launcher.Launcher -Dexec.vmArgs= -Dexec.args=${exec.vmArgs} -classpath %classpath ${exec.mainClass} ${exec.appArgs} -Dexec.executable=C:\Program Files\Java\jdk-21\bin\java.exe -Dexec.mainClass=GUI.GUI_ShowProcess -Dexec.classpathScope=runtime -Dexec.appArgs= -Dmaven.ext.class.path=C:\Program Files\NetBeans-17\netbeans\java\maven-nblib\netbeans-eventspy.jar --no-transfer-progress org.codehaus.mojo:exec-maven-plugin:3.1.0:exec
java_class_path (initial): C:\Program Files\NetBeans-17\netbeans\java\maven\boot\plexus-classworlds-2.6.0.jar
Launcher Type: SUN_STANDARD

[Global flags]
     intx CICompilerCount                          = 4                                         {product} {ergonomic}
     uint ConcGCThreads                            = 3                                         {product} {ergonomic}
     uint G1ConcRefinementThreads                  = 10                                        {product} {ergonomic}
   size_t G1HeapRegionSize                         = 1048576                                   {product} {ergonomic}
    uintx GCDrainStackTargetSize                   = 64                                        {product} {ergonomic}
   size_t InitialHeapSize                          = 132120576                                 {product} {ergonomic}
   size_t MarkStackSize                            = 4194304                                   {product} {ergonomic}
   size_t MaxHeapSize                              = 2086666240                                {product} {ergonomic}
   size_t MinHeapDeltaBytes                        = 1048576                                   {product} {ergonomic}
   size_t MinHeapSize                              = 8388608                                   {product} {ergonomic}
    uintx NonNMethodCodeHeapSize                   = 5839372                                {pd product} {ergonomic}
    uintx NonProfiledCodeHeapSize                  = 122909434                              {pd product} {ergonomic}
    uintx ProfiledCodeHeapSize                     = 122909434                              {pd product} {ergonomic}
    uintx ReservedCodeCacheSize                    = 251658240                              {pd product} {ergonomic}
     bool SegmentedCodeCache                       = true                                      {product} {ergonomic}
   size_t SoftMaxHeapSize                          = 2086666240                             {manageable} {ergonomic}
     bool UseCompressedOops                        = true                           {product lp64_product} {ergonomic}
     bool UseG1GC                                  = true                                      {product} {ergonomic}
     bool UseLargePagesIndividualAllocation        = false                                  {pd product} {ergonomic}

Logging:
Log output configuration:
 #0: stdout all=warning uptime,level,tags foldmultilines=false
 #1: stderr all=off uptime,level,tags foldmultilines=false

Environment Variables:
JAVA_HOME=C:\Program Files\Java\jdk-21
PATH=C:\Program Files\Common Files\Oracle\Java\javapath;C:\Program Files (x86)\Common Files\Oracle\Java\javapath;E:\app\LunChan\product\12.1.0\dbhome_1\bin;C:\Program Files\Java\jdk1.8.0_111\bin;C:\Program Files\dotnet\;C:\xampp\php;C:\Users\LunChan\AppData\Local\Microsoft\WindowsApps;C:\Users\LunChan\.dotnet\tools;C:\Users\LunChan\AppData\Local\Programs\Microsoft VS Code\bin;C:\Program Files\Azure Data Studio\bin;C:\Users\LunChan\AppData\Local\Packages\PythonSoftwareFoundation.Python.3.11_qbz5n2kfra8p0\LocalCache\local-packages\Python311\Scripts;C:\Program Files\Graphviz\bin;C:\Users\LunChan\AppData\Local\GitHubDesktop\bin
USERNAME=LunChan
OS=Windows_NT
PROCESSOR_IDENTIFIER=Intel64 Family 6 Model 141 Stepping 1, GenuineIntel
TMP=C:\Users\LunChan\AppData\Local\Temp
TEMP=C:\Users\LunChan\AppData\Local\Temp




Periodic native trim disabled

---------------  S Y S T E M  ---------------

OS:
 Windows 11 , 64 bit Build 22621 (10.0.22621.3085)
OS uptime: 0 days 6:36 hours
Hyper-V role detected

CPU: total 12 (initial active 12) (6 cores per cpu, 2 threads per core) family 6 model 141 stepping 1 microcode 0x3c, cx8, cmov, fxsr, ht, mmx, 3dnowpref, sse, sse2, sse3, ssse3, sse4.1, sse4.2, popcnt, lzcnt, tsc, tscinvbit, avx, avx2, aes, erms, clmul, bmi1, bmi2, adx, avx512f, avx512dq, avx512cd, avx512bw, avx512vl, sha, fma, vzeroupper, avx512_vpopcntdq, avx512_vpclmulqdq, avx512_vaes, avx512_vnni, clflush, clflushopt, clwb, avx512_vbmi2, avx512_vbmi, hv, rdtscp, rdpid, fsrm, gfni, avx512_bitalg, f16c, cet_ibt, cet_ss, avx512_ifma
Processor Information for all 12 processors :
  Max Mhz: 2688, Current Mhz: 2688, Mhz Limit: 2688

Memory: 4k page, system-wide physical 7955M (485M free)
TotalPageFile size 22954M (AvailPageFile size 107M)
current process WorkingSet (physical memory assigned to process): 11M, peak: 11M
current process commit charge ("private bytes"): 64M, peak: 190M

vm_info: Java HotSpot(TM) 64-Bit Server VM (21.0.2+13-LTS-58) for windows-amd64 JRE (21.0.2+13-LTS-58), built on 2024-01-05T18:32:24Z by "mach5one" with MS VC++ 17.1 (VS2022)

END.
